

================================================================
== Vivado HLS Report for 'conv_top'
================================================================
* Date:           Sun Oct 18 11:15:35 2020

* Version:        2018.3 (Build 2405991 on Thu Dec 06 23:56:15 MST 2018)
* Project:        lenet5_hls
* Solution:       solution1
* Product family: zynq
* Target device:  xc7z020clg484-1


================================================================
== Performance Estimates
================================================================
+ Timing (ns): 
    * Summary: 
    +--------+-------+----------+------------+
    |  Clock | Target| Estimated| Uncertainty|
    +--------+-------+----------+------------+
    |ap_clk  |  10.00|     8.750|        1.25|
    +--------+-------+----------+------------+

+ Latency (clock cycles): 
    * Summary: 
    +---------+---------+---------+---------+---------+
    |      Latency      |      Interval     | Pipeline|
    |   min   |   max   |   min   |   max   |   Type  |
    +---------+---------+---------+---------+---------+
    |  4902664|  4902664|  4902664|  4902664|   none  |
    +---------+---------+---------+---------+---------+

    + Detail: 
        * Instance: 
        +-----------------+-------+---------+---------+---------+---------+---------+
        |                 |       |      Latency      |      Interval     | Pipeline|
        |     Instance    | Module|   min   |   max   |   min   |   max   |   Type  |
        +-----------------+-------+---------+---------+---------+---------+---------+
        |grp_conv1_fu_50  |conv1  |  1667592|  1667592|  1667592|  1667592|   none  |
        |grp_conv2_fu_72  |conv2  |  3235069|  3235069|  3235069|  3235069|   none  |
        +-----------------+-------+---------+---------+---------+---------+---------+

        * Loop: 
        N/A



================================================================
== Utilization Estimates
================================================================
* Summary: 
+-----------------+---------+-------+--------+-------+
|       Name      | BRAM_18K| DSP48E|   FF   |  LUT  |
+-----------------+---------+-------+--------+-------+
|DSP              |        -|      -|       -|      -|
|Expression       |        -|      -|       -|      -|
|FIFO             |        -|      -|       -|      -|
|Instance         |       40|     10|    4983|   8158|
|Memory           |        4|      -|       0|      0|
|Multiplexer      |        -|      -|       -|    567|
|Register         |        -|      -|       6|      -|
+-----------------+---------+-------+--------+-------+
|Total            |       44|     10|    4989|   8725|
+-----------------+---------+-------+--------+-------+
|Available        |      280|    220|  106400|  53200|
+-----------------+---------+-------+--------+-------+
|Utilization (%)  |       15|      4|       4|     16|
+-----------------+---------+-------+--------+-------+

+ Detail: 
    * Instance: 
    +------------------------+----------------------+---------+-------+------+------+
    |        Instance        |        Module        | BRAM_18K| DSP48E|  FF  |  LUT |
    +------------------------+----------------------+---------+-------+------+------+
    |grp_conv1_fu_50         |conv1                 |       19|      5|  1608|  3065|
    |grp_conv2_fu_72         |conv2                 |       13|      5|  1327|  2773|
    |conv_top_data1_m_axi_U  |conv_top_data1_m_axi  |        2|      0|   512|   580|
    |conv_top_data2_m_axi_U  |conv_top_data2_m_axi  |        2|      0|   512|   580|
    |conv_top_data3_m_axi_U  |conv_top_data3_m_axi  |        2|      0|   512|   580|
    |conv_top_data_m_axi_U   |conv_top_data_m_axi   |        2|      0|   512|   580|
    +------------------------+----------------------+---------+-------+------+------+
    |Total                   |                      |       40|     10|  4983|  8158|
    +------------------------+----------------------+---------+-------+------+------+

    * DSP48: 
    N/A

    * Memory: 
    +-------------+--------------------+---------+---+----+------+-----+------+-------------+
    |    Memory   |       Module       | BRAM_18K| FF| LUT| Words| Bits| Banks| W*Bits*Banks|
    +-------------+--------------------+---------+---+----+------+-----+------+-------------+
    |conv_out1_U  |conv_top_conv_out1  |        4|  0|   0|  1176|   32|     1|        37632|
    +-------------+--------------------+---------+---+----+------+-----+------+-------------+
    |Total        |                    |        4|  0|   0|  1176|   32|     1|        37632|
    +-------------+--------------------+---------+---+----+------+-----+------+-------------+

    * FIFO: 
    N/A

    * Expression: 
    N/A

    * Multiplexer: 
    +--------------------+----+-----------+-----+-----------+
    |        Name        | LUT| Input Size| Bits| Total Bits|
    +--------------------+----+-----------+-----+-----------+
    |ap_NS_fsm           |  27|          5|    1|          5|
    |conv_out1_address0  |  15|          3|   11|         33|
    |conv_out1_ce0       |  15|          3|    1|          3|
    |conv_out1_d0        |  15|          3|   32|         96|
    |conv_out1_we0       |  15|          3|    1|          3|
    |data1_ARVALID       |   9|          2|    1|          2|
    |data1_AWVALID       |   9|          2|    1|          2|
    |data1_BREADY        |   9|          2|    1|          2|
    |data1_RREADY        |   9|          2|    1|          2|
    |data1_WVALID        |   9|          2|    1|          2|
    |data2_ARADDR        |  15|          3|   32|         96|
    |data2_ARBURST       |  15|          3|    2|          6|
    |data2_ARCACHE       |  15|          3|    4|         12|
    |data2_ARID          |  15|          3|    1|          3|
    |data2_ARLEN         |  15|          3|   32|         96|
    |data2_ARLOCK        |  15|          3|    2|          6|
    |data2_ARPROT        |  15|          3|    3|          9|
    |data2_ARQOS         |  15|          3|    4|         12|
    |data2_ARREGION      |  15|          3|    4|         12|
    |data2_ARSIZE        |  15|          3|    3|          9|
    |data2_ARUSER        |  15|          3|    1|          3|
    |data2_ARVALID       |  15|          3|    1|          3|
    |data2_RREADY        |  15|          3|    1|          3|
    |data3_ARADDR        |  15|          3|   32|         96|
    |data3_ARBURST       |  15|          3|    2|          6|
    |data3_ARCACHE       |  15|          3|    4|         12|
    |data3_ARID          |  15|          3|    1|          3|
    |data3_ARLEN         |  15|          3|   32|         96|
    |data3_ARLOCK        |  15|          3|    2|          6|
    |data3_ARPROT        |  15|          3|    3|          9|
    |data3_ARQOS         |  15|          3|    4|         12|
    |data3_ARREGION      |  15|          3|    4|         12|
    |data3_ARSIZE        |  15|          3|    3|          9|
    |data3_ARUSER        |  15|          3|    1|          3|
    |data3_ARVALID       |  15|          3|    1|          3|
    |data3_RREADY        |  15|          3|    1|          3|
    |data_ARVALID        |   9|          2|    1|          2|
    |data_AWVALID        |   9|          2|    1|          2|
    |data_BREADY         |   9|          2|    1|          2|
    |data_RREADY         |   9|          2|    1|          2|
    |data_WVALID         |   9|          2|    1|          2|
    +--------------------+----+-----------+-----+-----------+
    |Total               | 567|        115|  236|        700|
    +--------------------+----+-----------+-----+-----------+

    * Register: 
    +------------------------------+---+----+-----+-----------+
    |             Name             | FF| LUT| Bits| Const Bits|
    +------------------------------+---+----+-----+-----------+
    |ap_CS_fsm                     |  4|   0|    4|          0|
    |grp_conv1_fu_50_ap_start_reg  |  1|   0|    1|          0|
    |grp_conv2_fu_72_ap_start_reg  |  1|   0|    1|          0|
    +------------------------------+---+----+-----+-----------+
    |Total                         |  6|   0|    6|          0|
    +------------------------------+---+----+-----+-----------+



================================================================
== Interface
================================================================
* Summary: 
+----------------------+-----+-----+------------+--------------+--------------+
|       RTL Ports      | Dir | Bits|  Protocol  | Source Object|    C Type    |
+----------------------+-----+-----+------------+--------------+--------------+
|ap_clk                |  in |    1| ap_ctrl_hs |   conv_top   | return value |
|ap_rst_n              |  in |    1| ap_ctrl_hs |   conv_top   | return value |
|ap_start              |  in |    1| ap_ctrl_hs |   conv_top   | return value |
|ap_done               | out |    1| ap_ctrl_hs |   conv_top   | return value |
|ap_idle               | out |    1| ap_ctrl_hs |   conv_top   | return value |
|ap_ready              | out |    1| ap_ctrl_hs |   conv_top   | return value |
|m_axi_data_AWVALID    | out |    1|    m_axi   |     data     |    pointer   |
|m_axi_data_AWREADY    |  in |    1|    m_axi   |     data     |    pointer   |
|m_axi_data_AWADDR     | out |   32|    m_axi   |     data     |    pointer   |
|m_axi_data_AWID       | out |    1|    m_axi   |     data     |    pointer   |
|m_axi_data_AWLEN      | out |    8|    m_axi   |     data     |    pointer   |
|m_axi_data_AWSIZE     | out |    3|    m_axi   |     data     |    pointer   |
|m_axi_data_AWBURST    | out |    2|    m_axi   |     data     |    pointer   |
|m_axi_data_AWLOCK     | out |    2|    m_axi   |     data     |    pointer   |
|m_axi_data_AWCACHE    | out |    4|    m_axi   |     data     |    pointer   |
|m_axi_data_AWPROT     | out |    3|    m_axi   |     data     |    pointer   |
|m_axi_data_AWQOS      | out |    4|    m_axi   |     data     |    pointer   |
|m_axi_data_AWREGION   | out |    4|    m_axi   |     data     |    pointer   |
|m_axi_data_AWUSER     | out |    1|    m_axi   |     data     |    pointer   |
|m_axi_data_WVALID     | out |    1|    m_axi   |     data     |    pointer   |
|m_axi_data_WREADY     |  in |    1|    m_axi   |     data     |    pointer   |
|m_axi_data_WDATA      | out |   32|    m_axi   |     data     |    pointer   |
|m_axi_data_WSTRB      | out |    4|    m_axi   |     data     |    pointer   |
|m_axi_data_WLAST      | out |    1|    m_axi   |     data     |    pointer   |
|m_axi_data_WID        | out |    1|    m_axi   |     data     |    pointer   |
|m_axi_data_WUSER      | out |    1|    m_axi   |     data     |    pointer   |
|m_axi_data_ARVALID    | out |    1|    m_axi   |     data     |    pointer   |
|m_axi_data_ARREADY    |  in |    1|    m_axi   |     data     |    pointer   |
|m_axi_data_ARADDR     | out |   32|    m_axi   |     data     |    pointer   |
|m_axi_data_ARID       | out |    1|    m_axi   |     data     |    pointer   |
|m_axi_data_ARLEN      | out |    8|    m_axi   |     data     |    pointer   |
|m_axi_data_ARSIZE     | out |    3|    m_axi   |     data     |    pointer   |
|m_axi_data_ARBURST    | out |    2|    m_axi   |     data     |    pointer   |
|m_axi_data_ARLOCK     | out |    2|    m_axi   |     data     |    pointer   |
|m_axi_data_ARCACHE    | out |    4|    m_axi   |     data     |    pointer   |
|m_axi_data_ARPROT     | out |    3|    m_axi   |     data     |    pointer   |
|m_axi_data_ARQOS      | out |    4|    m_axi   |     data     |    pointer   |
|m_axi_data_ARREGION   | out |    4|    m_axi   |     data     |    pointer   |
|m_axi_data_ARUSER     | out |    1|    m_axi   |     data     |    pointer   |
|m_axi_data_RVALID     |  in |    1|    m_axi   |     data     |    pointer   |
|m_axi_data_RREADY     | out |    1|    m_axi   |     data     |    pointer   |
|m_axi_data_RDATA      |  in |   32|    m_axi   |     data     |    pointer   |
|m_axi_data_RLAST      |  in |    1|    m_axi   |     data     |    pointer   |
|m_axi_data_RID        |  in |    1|    m_axi   |     data     |    pointer   |
|m_axi_data_RUSER      |  in |    1|    m_axi   |     data     |    pointer   |
|m_axi_data_RRESP      |  in |    2|    m_axi   |     data     |    pointer   |
|m_axi_data_BVALID     |  in |    1|    m_axi   |     data     |    pointer   |
|m_axi_data_BREADY     | out |    1|    m_axi   |     data     |    pointer   |
|m_axi_data_BRESP      |  in |    2|    m_axi   |     data     |    pointer   |
|m_axi_data_BID        |  in |    1|    m_axi   |     data     |    pointer   |
|m_axi_data_BUSER      |  in |    1|    m_axi   |     data     |    pointer   |
|m_axi_data1_AWVALID   | out |    1|    m_axi   |     data1    |    pointer   |
|m_axi_data1_AWREADY   |  in |    1|    m_axi   |     data1    |    pointer   |
|m_axi_data1_AWADDR    | out |   32|    m_axi   |     data1    |    pointer   |
|m_axi_data1_AWID      | out |    1|    m_axi   |     data1    |    pointer   |
|m_axi_data1_AWLEN     | out |    8|    m_axi   |     data1    |    pointer   |
|m_axi_data1_AWSIZE    | out |    3|    m_axi   |     data1    |    pointer   |
|m_axi_data1_AWBURST   | out |    2|    m_axi   |     data1    |    pointer   |
|m_axi_data1_AWLOCK    | out |    2|    m_axi   |     data1    |    pointer   |
|m_axi_data1_AWCACHE   | out |    4|    m_axi   |     data1    |    pointer   |
|m_axi_data1_AWPROT    | out |    3|    m_axi   |     data1    |    pointer   |
|m_axi_data1_AWQOS     | out |    4|    m_axi   |     data1    |    pointer   |
|m_axi_data1_AWREGION  | out |    4|    m_axi   |     data1    |    pointer   |
|m_axi_data1_AWUSER    | out |    1|    m_axi   |     data1    |    pointer   |
|m_axi_data1_WVALID    | out |    1|    m_axi   |     data1    |    pointer   |
|m_axi_data1_WREADY    |  in |    1|    m_axi   |     data1    |    pointer   |
|m_axi_data1_WDATA     | out |   32|    m_axi   |     data1    |    pointer   |
|m_axi_data1_WSTRB     | out |    4|    m_axi   |     data1    |    pointer   |
|m_axi_data1_WLAST     | out |    1|    m_axi   |     data1    |    pointer   |
|m_axi_data1_WID       | out |    1|    m_axi   |     data1    |    pointer   |
|m_axi_data1_WUSER     | out |    1|    m_axi   |     data1    |    pointer   |
|m_axi_data1_ARVALID   | out |    1|    m_axi   |     data1    |    pointer   |
|m_axi_data1_ARREADY   |  in |    1|    m_axi   |     data1    |    pointer   |
|m_axi_data1_ARADDR    | out |   32|    m_axi   |     data1    |    pointer   |
|m_axi_data1_ARID      | out |    1|    m_axi   |     data1    |    pointer   |
|m_axi_data1_ARLEN     | out |    8|    m_axi   |     data1    |    pointer   |
|m_axi_data1_ARSIZE    | out |    3|    m_axi   |     data1    |    pointer   |
|m_axi_data1_ARBURST   | out |    2|    m_axi   |     data1    |    pointer   |
|m_axi_data1_ARLOCK    | out |    2|    m_axi   |     data1    |    pointer   |
|m_axi_data1_ARCACHE   | out |    4|    m_axi   |     data1    |    pointer   |
|m_axi_data1_ARPROT    | out |    3|    m_axi   |     data1    |    pointer   |
|m_axi_data1_ARQOS     | out |    4|    m_axi   |     data1    |    pointer   |
|m_axi_data1_ARREGION  | out |    4|    m_axi   |     data1    |    pointer   |
|m_axi_data1_ARUSER    | out |    1|    m_axi   |     data1    |    pointer   |
|m_axi_data1_RVALID    |  in |    1|    m_axi   |     data1    |    pointer   |
|m_axi_data1_RREADY    | out |    1|    m_axi   |     data1    |    pointer   |
|m_axi_data1_RDATA     |  in |   32|    m_axi   |     data1    |    pointer   |
|m_axi_data1_RLAST     |  in |    1|    m_axi   |     data1    |    pointer   |
|m_axi_data1_RID       |  in |    1|    m_axi   |     data1    |    pointer   |
|m_axi_data1_RUSER     |  in |    1|    m_axi   |     data1    |    pointer   |
|m_axi_data1_RRESP     |  in |    2|    m_axi   |     data1    |    pointer   |
|m_axi_data1_BVALID    |  in |    1|    m_axi   |     data1    |    pointer   |
|m_axi_data1_BREADY    | out |    1|    m_axi   |     data1    |    pointer   |
|m_axi_data1_BRESP     |  in |    2|    m_axi   |     data1    |    pointer   |
|m_axi_data1_BID       |  in |    1|    m_axi   |     data1    |    pointer   |
|m_axi_data1_BUSER     |  in |    1|    m_axi   |     data1    |    pointer   |
|m_axi_data2_AWVALID   | out |    1|    m_axi   |     data2    |    pointer   |
|m_axi_data2_AWREADY   |  in |    1|    m_axi   |     data2    |    pointer   |
|m_axi_data2_AWADDR    | out |   32|    m_axi   |     data2    |    pointer   |
|m_axi_data2_AWID      | out |    1|    m_axi   |     data2    |    pointer   |
|m_axi_data2_AWLEN     | out |    8|    m_axi   |     data2    |    pointer   |
|m_axi_data2_AWSIZE    | out |    3|    m_axi   |     data2    |    pointer   |
|m_axi_data2_AWBURST   | out |    2|    m_axi   |     data2    |    pointer   |
|m_axi_data2_AWLOCK    | out |    2|    m_axi   |     data2    |    pointer   |
|m_axi_data2_AWCACHE   | out |    4|    m_axi   |     data2    |    pointer   |
|m_axi_data2_AWPROT    | out |    3|    m_axi   |     data2    |    pointer   |
|m_axi_data2_AWQOS     | out |    4|    m_axi   |     data2    |    pointer   |
|m_axi_data2_AWREGION  | out |    4|    m_axi   |     data2    |    pointer   |
|m_axi_data2_AWUSER    | out |    1|    m_axi   |     data2    |    pointer   |
|m_axi_data2_WVALID    | out |    1|    m_axi   |     data2    |    pointer   |
|m_axi_data2_WREADY    |  in |    1|    m_axi   |     data2    |    pointer   |
|m_axi_data2_WDATA     | out |   32|    m_axi   |     data2    |    pointer   |
|m_axi_data2_WSTRB     | out |    4|    m_axi   |     data2    |    pointer   |
|m_axi_data2_WLAST     | out |    1|    m_axi   |     data2    |    pointer   |
|m_axi_data2_WID       | out |    1|    m_axi   |     data2    |    pointer   |
|m_axi_data2_WUSER     | out |    1|    m_axi   |     data2    |    pointer   |
|m_axi_data2_ARVALID   | out |    1|    m_axi   |     data2    |    pointer   |
|m_axi_data2_ARREADY   |  in |    1|    m_axi   |     data2    |    pointer   |
|m_axi_data2_ARADDR    | out |   32|    m_axi   |     data2    |    pointer   |
|m_axi_data2_ARID      | out |    1|    m_axi   |     data2    |    pointer   |
|m_axi_data2_ARLEN     | out |    8|    m_axi   |     data2    |    pointer   |
|m_axi_data2_ARSIZE    | out |    3|    m_axi   |     data2    |    pointer   |
|m_axi_data2_ARBURST   | out |    2|    m_axi   |     data2    |    pointer   |
|m_axi_data2_ARLOCK    | out |    2|    m_axi   |     data2    |    pointer   |
|m_axi_data2_ARCACHE   | out |    4|    m_axi   |     data2    |    pointer   |
|m_axi_data2_ARPROT    | out |    3|    m_axi   |     data2    |    pointer   |
|m_axi_data2_ARQOS     | out |    4|    m_axi   |     data2    |    pointer   |
|m_axi_data2_ARREGION  | out |    4|    m_axi   |     data2    |    pointer   |
|m_axi_data2_ARUSER    | out |    1|    m_axi   |     data2    |    pointer   |
|m_axi_data2_RVALID    |  in |    1|    m_axi   |     data2    |    pointer   |
|m_axi_data2_RREADY    | out |    1|    m_axi   |     data2    |    pointer   |
|m_axi_data2_RDATA     |  in |   32|    m_axi   |     data2    |    pointer   |
|m_axi_data2_RLAST     |  in |    1|    m_axi   |     data2    |    pointer   |
|m_axi_data2_RID       |  in |    1|    m_axi   |     data2    |    pointer   |
|m_axi_data2_RUSER     |  in |    1|    m_axi   |     data2    |    pointer   |
|m_axi_data2_RRESP     |  in |    2|    m_axi   |     data2    |    pointer   |
|m_axi_data2_BVALID    |  in |    1|    m_axi   |     data2    |    pointer   |
|m_axi_data2_BREADY    | out |    1|    m_axi   |     data2    |    pointer   |
|m_axi_data2_BRESP     |  in |    2|    m_axi   |     data2    |    pointer   |
|m_axi_data2_BID       |  in |    1|    m_axi   |     data2    |    pointer   |
|m_axi_data2_BUSER     |  in |    1|    m_axi   |     data2    |    pointer   |
|m_axi_data3_AWVALID   | out |    1|    m_axi   |     data3    |    pointer   |
|m_axi_data3_AWREADY   |  in |    1|    m_axi   |     data3    |    pointer   |
|m_axi_data3_AWADDR    | out |   32|    m_axi   |     data3    |    pointer   |
|m_axi_data3_AWID      | out |    1|    m_axi   |     data3    |    pointer   |
|m_axi_data3_AWLEN     | out |    8|    m_axi   |     data3    |    pointer   |
|m_axi_data3_AWSIZE    | out |    3|    m_axi   |     data3    |    pointer   |
|m_axi_data3_AWBURST   | out |    2|    m_axi   |     data3    |    pointer   |
|m_axi_data3_AWLOCK    | out |    2|    m_axi   |     data3    |    pointer   |
|m_axi_data3_AWCACHE   | out |    4|    m_axi   |     data3    |    pointer   |
|m_axi_data3_AWPROT    | out |    3|    m_axi   |     data3    |    pointer   |
|m_axi_data3_AWQOS     | out |    4|    m_axi   |     data3    |    pointer   |
|m_axi_data3_AWREGION  | out |    4|    m_axi   |     data3    |    pointer   |
|m_axi_data3_AWUSER    | out |    1|    m_axi   |     data3    |    pointer   |
|m_axi_data3_WVALID    | out |    1|    m_axi   |     data3    |    pointer   |
|m_axi_data3_WREADY    |  in |    1|    m_axi   |     data3    |    pointer   |
|m_axi_data3_WDATA     | out |   32|    m_axi   |     data3    |    pointer   |
|m_axi_data3_WSTRB     | out |    4|    m_axi   |     data3    |    pointer   |
|m_axi_data3_WLAST     | out |    1|    m_axi   |     data3    |    pointer   |
|m_axi_data3_WID       | out |    1|    m_axi   |     data3    |    pointer   |
|m_axi_data3_WUSER     | out |    1|    m_axi   |     data3    |    pointer   |
|m_axi_data3_ARVALID   | out |    1|    m_axi   |     data3    |    pointer   |
|m_axi_data3_ARREADY   |  in |    1|    m_axi   |     data3    |    pointer   |
|m_axi_data3_ARADDR    | out |   32|    m_axi   |     data3    |    pointer   |
|m_axi_data3_ARID      | out |    1|    m_axi   |     data3    |    pointer   |
|m_axi_data3_ARLEN     | out |    8|    m_axi   |     data3    |    pointer   |
|m_axi_data3_ARSIZE    | out |    3|    m_axi   |     data3    |    pointer   |
|m_axi_data3_ARBURST   | out |    2|    m_axi   |     data3    |    pointer   |
|m_axi_data3_ARLOCK    | out |    2|    m_axi   |     data3    |    pointer   |
|m_axi_data3_ARCACHE   | out |    4|    m_axi   |     data3    |    pointer   |
|m_axi_data3_ARPROT    | out |    3|    m_axi   |     data3    |    pointer   |
|m_axi_data3_ARQOS     | out |    4|    m_axi   |     data3    |    pointer   |
|m_axi_data3_ARREGION  | out |    4|    m_axi   |     data3    |    pointer   |
|m_axi_data3_ARUSER    | out |    1|    m_axi   |     data3    |    pointer   |
|m_axi_data3_RVALID    |  in |    1|    m_axi   |     data3    |    pointer   |
|m_axi_data3_RREADY    | out |    1|    m_axi   |     data3    |    pointer   |
|m_axi_data3_RDATA     |  in |   32|    m_axi   |     data3    |    pointer   |
|m_axi_data3_RLAST     |  in |    1|    m_axi   |     data3    |    pointer   |
|m_axi_data3_RID       |  in |    1|    m_axi   |     data3    |    pointer   |
|m_axi_data3_RUSER     |  in |    1|    m_axi   |     data3    |    pointer   |
|m_axi_data3_RRESP     |  in |    2|    m_axi   |     data3    |    pointer   |
|m_axi_data3_BVALID    |  in |    1|    m_axi   |     data3    |    pointer   |
|m_axi_data3_BREADY    | out |    1|    m_axi   |     data3    |    pointer   |
|m_axi_data3_BRESP     |  in |    2|    m_axi   |     data3    |    pointer   |
|m_axi_data3_BID       |  in |    1|    m_axi   |     data3    |    pointer   |
|m_axi_data3_BUSER     |  in |    1|    m_axi   |     data3    |    pointer   |
+----------------------+-----+-----+------------+--------------+--------------+

============================================================
+ Verbose Summary: Synthesis Manager
============================================================
InlineROM: 1
ExposeGlobal: 0
============================================================
+ Verbose Summary: CDFG Model
============================================================
IsTopModel: 1
ResetActiveHigh: 1
IsCombinational: 2
IsDatapathOnly: 2
HasWiredReturn: 1
HasMFsm: 0
HasVarLatency: 1
IsPipeline: 0
IsRtlPipelined: 0
IsInstanceOverlapped: 0
IsDontTouch: 0
HasImplIP: 0
IsGatedGlobalClock: 0


============================================================
+ Verbose Summary: Schedule
============================================================
* Number of FSM states : 4
* Pipeline : 0
* Dataflow Pipeline: 0

* FSM state transitions: 
1 --> 
	2  / true
2 --> 
	3  / true
3 --> 
	4  / true
4 --> 

* FSM state operations: 

State 1 <SV = 0> <Delay = 0.00>
ST_1 : Operation 5 [2/2] (0.00ns)   --->   "call fastcc void @conv1(float* %data, float* %data1, float* %data2, float* %data3)" [../2C_prj/lenet5/conv.cpp:30]   --->   Operation 5 'call' <Predicate = true> <Delay = 0.00> <CoreType = "Generic">   --->   Core 0 '' <Latency = 0> <II = 1> <Delay = 1.00> <Generic> <Opcode : >

State 2 <SV = 1> <Delay = 0.00>
ST_2 : Operation 6 [1/2] (0.00ns)   --->   "call fastcc void @conv1(float* %data, float* %data1, float* %data2, float* %data3)" [../2C_prj/lenet5/conv.cpp:30]   --->   Operation 6 'call' <Predicate = true> <Delay = 0.00> <CoreType = "Generic">   --->   Core 0 '' <Latency = 0> <II = 1> <Delay = 1.00> <Generic> <Opcode : >

State 3 <SV = 2> <Delay = 0.00>
ST_3 : Operation 7 [2/2] (0.00ns)   --->   "call fastcc void @conv2(float* %data, float* %data1, float* %data2, float* %data3)" [../2C_prj/lenet5/conv.cpp:31]   --->   Operation 7 'call' <Predicate = true> <Delay = 0.00> <CoreType = "Generic">   --->   Core 0 '' <Latency = 0> <II = 1> <Delay = 1.00> <Generic> <Opcode : >

State 4 <SV = 3> <Delay = 0.00>
ST_4 : Operation 8 [1/1] (0.00ns)   --->   "call void (...)* @_ssdm_op_SpecBitsMap(float* %data) nounwind, !map !153"   --->   Operation 8 'specbitsmap' <Predicate = true> <Delay = 0.00>
ST_4 : Operation 9 [1/1] (0.00ns)   --->   "call void (...)* @_ssdm_op_SpecBitsMap(float* %data1) nounwind, !map !158"   --->   Operation 9 'specbitsmap' <Predicate = true> <Delay = 0.00>
ST_4 : Operation 10 [1/1] (0.00ns)   --->   "call void (...)* @_ssdm_op_SpecBitsMap(float* %data2) nounwind, !map !162"   --->   Operation 10 'specbitsmap' <Predicate = true> <Delay = 0.00>
ST_4 : Operation 11 [1/1] (0.00ns)   --->   "call void (...)* @_ssdm_op_SpecBitsMap(float* %data3) nounwind, !map !166"   --->   Operation 11 'specbitsmap' <Predicate = true> <Delay = 0.00>
ST_4 : Operation 12 [1/1] (0.00ns)   --->   "call void (...)* @_ssdm_op_SpecTopModule([9 x i8]* @conv_top_str) nounwind"   --->   Operation 12 'spectopmodule' <Predicate = true> <Delay = 0.00>
ST_4 : Operation 13 [1/1] (0.00ns)   --->   "call void (...)* @_ssdm_op_SpecInterface(float* %data3, [6 x i8]* @p_str, i32 0, i32 0, [1 x i8]* @p_str1, i32 0, i32 32, [5 x i8]* @p_str2, [1 x i8]* @p_str1, [1 x i8]* @p_str1, i32 16, i32 16, i32 16, i32 16, [1 x i8]* @p_str1, [1 x i8]* @p_str1) nounwind" [../2C_prj/lenet5/conv.cpp:30]   --->   Operation 13 'specinterface' <Predicate = true> <Delay = 0.00>
ST_4 : Operation 14 [1/1] (0.00ns)   --->   "call void (...)* @_ssdm_op_SpecInterface(float* %data, [6 x i8]* @p_str, i32 0, i32 0, [1 x i8]* @p_str1, i32 0, i32 32, [5 x i8]* @p_str2, [1 x i8]* @p_str1, [1 x i8]* @p_str1, i32 16, i32 16, i32 16, i32 16, [1 x i8]* @p_str1, [1 x i8]* @p_str1) nounwind" [../2C_prj/lenet5/conv.cpp:30]   --->   Operation 14 'specinterface' <Predicate = true> <Delay = 0.00>
ST_4 : Operation 15 [1/1] (0.00ns)   --->   "call void (...)* @_ssdm_op_SpecInterface(float* %data1, [6 x i8]* @p_str, i32 0, i32 0, [1 x i8]* @p_str1, i32 0, i32 32, [5 x i8]* @p_str2, [1 x i8]* @p_str1, [1 x i8]* @p_str1, i32 16, i32 16, i32 16, i32 16, [1 x i8]* @p_str1, [1 x i8]* @p_str1) nounwind" [../2C_prj/lenet5/conv.cpp:30]   --->   Operation 15 'specinterface' <Predicate = true> <Delay = 0.00>
ST_4 : Operation 16 [1/1] (0.00ns)   --->   "call void (...)* @_ssdm_op_SpecInterface(float* %data2, [6 x i8]* @p_str, i32 0, i32 0, [1 x i8]* @p_str1, i32 0, i32 32, [5 x i8]* @p_str2, [1 x i8]* @p_str1, [1 x i8]* @p_str1, i32 16, i32 16, i32 16, i32 16, [1 x i8]* @p_str1, [1 x i8]* @p_str1) nounwind" [../2C_prj/lenet5/conv.cpp:30]   --->   Operation 16 'specinterface' <Predicate = true> <Delay = 0.00>
ST_4 : Operation 17 [1/2] (0.00ns)   --->   "call fastcc void @conv2(float* %data, float* %data1, float* %data2, float* %data3)" [../2C_prj/lenet5/conv.cpp:31]   --->   Operation 17 'call' <Predicate = true> <Delay = 0.00> <CoreType = "Generic">   --->   Core 0 '' <Latency = 0> <II = 1> <Delay = 1.00> <Generic> <Opcode : >
ST_4 : Operation 18 [1/1] (0.00ns)   --->   "ret void" [../2C_prj/lenet5/conv.cpp:35]   --->   Operation 18 'ret' <Predicate = true> <Delay = 0.00>


============================================================
+ Verbose Summary: Binding
============================================================
STG Binding: 
---------------- STG Properties BEGIN ----------------
- Is combinational: 0
- Is one-state seq: 0
- Is datapath-only: 0
- Is pipelined: 0
- Is top level: 1
Port [ Return ] is wired: 1; IO mode=ap_ctrl_hs:ce=0
Port [ data]:  wired=1; compound=1; hidden=0; nouse=0; global=0; static=0; extern=0; dir=2; type=4; pingpong=0; private_global=0; IO mode=m_axi:ce=0
Port [ data1]:  wired=1; compound=1; hidden=0; nouse=0; global=0; static=0; extern=0; dir=2; type=4; pingpong=0; private_global=0; IO mode=m_axi:ce=0
Port [ data2]:  wired=1; compound=1; hidden=0; nouse=0; global=0; static=0; extern=0; dir=0; type=4; pingpong=0; private_global=0; IO mode=m_axi:ce=0
Port [ data3]:  wired=1; compound=1; hidden=0; nouse=0; global=0; static=0; extern=0; dir=0; type=4; pingpong=0; private_global=0; IO mode=m_axi:ce=0
Port [ B_CONV1]:  wired=0; compound=1; hidden=1; nouse=1; global=1; static=1; extern=0; dir=2; type=1; pingpong=0; private_global=0; linkage=7; visibility=0; MemPort=[23]; IO mode=ap_memory:ce=0
Port [ pic_in]:  wired=0; compound=1; hidden=1; nouse=1; global=1; static=1; extern=0; dir=2; type=1; pingpong=0; private_global=0; linkage=7; visibility=0; MemPort=[23]; IO mode=ap_memory:ce=0
Port [ W_CONV1]:  wired=0; compound=1; hidden=1; nouse=1; global=1; static=1; extern=0; dir=2; type=1; pingpong=0; private_global=0; linkage=7; visibility=0; MemPort=[23]; IO mode=ap_memory:ce=0
Port [ conv1_buff]:  wired=0; compound=1; hidden=1; nouse=1; global=1; static=1; extern=0; dir=2; type=1; pingpong=0; private_global=0; linkage=7; visibility=0; MemPort=[21]; IO mode=ap_memory:ce=0
Port [ conv_out1]:  wired=0; compound=1; hidden=1; nouse=0; global=1; static=1; extern=0; dir=2; type=1; pingpong=0; private_global=1; linkage=7; visibility=0; MemPort=[23]; IO mode=ap_memory:ce=0
Port [ B_CONV2]:  wired=0; compound=1; hidden=1; nouse=1; global=1; static=1; extern=0; dir=2; type=1; pingpong=0; private_global=0; linkage=7; visibility=0; MemPort=[23]; IO mode=ap_memory:ce=0
Port [ W_CONV2]:  wired=0; compound=1; hidden=1; nouse=1; global=1; static=1; extern=0; dir=2; type=1; pingpong=0; private_global=0; linkage=7; visibility=0; MemPort=[23]; IO mode=ap_memory:ce=0
Port [ conv2_buff]:  wired=0; compound=1; hidden=1; nouse=1; global=1; static=1; extern=0; dir=2; type=1; pingpong=0; private_global=0; linkage=7; visibility=0; MemPort=[21]; IO mode=ap_memory:ce=0
Port [ conv_out2]:  wired=0; compound=1; hidden=1; nouse=1; global=1; static=1; extern=0; dir=2; type=1; pingpong=0; private_global=0; linkage=7; visibility=0; MemPort=[23]; IO mode=ap_memory:ce=0
---------------- STG Properties END ------------------

---------------- Datapath Model BEGIN ----------------

<LifeTime>
<method=bitvector/>
StgValue_6  (call         ) [ 00000]
StgValue_8  (specbitsmap  ) [ 00000]
StgValue_9  (specbitsmap  ) [ 00000]
StgValue_10 (specbitsmap  ) [ 00000]
StgValue_11 (specbitsmap  ) [ 00000]
StgValue_12 (spectopmodule) [ 00000]
StgValue_13 (specinterface) [ 00000]
StgValue_14 (specinterface) [ 00000]
StgValue_15 (specinterface) [ 00000]
StgValue_16 (specinterface) [ 00000]
StgValue_17 (call         ) [ 00000]
StgValue_18 (ret          ) [ 00000]
</LifeTime>

<model>

<comp_list>
<comp id="0" class="1000" name="data">
<pin_list>
<pin id="1" dir="1" index="0" bw="1" slack="0"/>
</pin_list>
<bind>
<StgValue><ssdm name="data"/></StgValue>
</bind>
</comp>

<comp id="2" class="1000" name="data1">
<pin_list>
<pin id="3" dir="1" index="0" bw="1" slack="0"/>
</pin_list>
<bind>
<StgValue><ssdm name="data1"/></StgValue>
</bind>
</comp>

<comp id="4" class="1000" name="data2">
<pin_list>
<pin id="5" dir="1" index="0" bw="1" slack="0"/>
</pin_list>
<bind>
<StgValue><ssdm name="data2"/></StgValue>
</bind>
</comp>

<comp id="6" class="1000" name="data3">
<pin_list>
<pin id="7" dir="1" index="0" bw="1" slack="0"/>
</pin_list>
<bind>
<StgValue><ssdm name="data3"/></StgValue>
</bind>
</comp>

<comp id="8" class="1000" name="B_CONV1">
<pin_list>
<pin id="9" dir="1" index="0" bw="1" slack="0"/>
</pin_list>
<bind>
<StgValue><ssdm name="B_CONV1"/><MemPortTyVec>2 3 </MemPortTyVec>
</StgValue>
</bind>
</comp>

<comp id="10" class="1000" name="pic_in">
<pin_list>
<pin id="11" dir="1" index="0" bw="1" slack="0"/>
</pin_list>
<bind>
<StgValue><ssdm name="pic_in"/><MemPortTyVec>2 3 </MemPortTyVec>
</StgValue>
</bind>
</comp>

<comp id="12" class="1000" name="W_CONV1">
<pin_list>
<pin id="13" dir="1" index="0" bw="1" slack="0"/>
</pin_list>
<bind>
<StgValue><ssdm name="W_CONV1"/><MemPortTyVec>2 3 </MemPortTyVec>
</StgValue>
</bind>
</comp>

<comp id="14" class="1000" name="conv1_buff">
<pin_list>
<pin id="15" dir="1" index="0" bw="1" slack="0"/>
</pin_list>
<bind>
<StgValue><ssdm name="conv1_buff"/><MemPortTyVec>2 1 </MemPortTyVec>
</StgValue>
</bind>
</comp>

<comp id="16" class="1000" name="conv_out1">
<pin_list>
<pin id="17" dir="1" index="0" bw="1" slack="0"/>
</pin_list>
<bind>
<StgValue><ssdm name="conv_out1"/><MemPortTyVec>2 3 </MemPortTyVec>
</StgValue>
</bind>
</comp>

<comp id="18" class="1000" name="B_CONV2">
<pin_list>
<pin id="19" dir="1" index="0" bw="1" slack="0"/>
</pin_list>
<bind>
<StgValue><ssdm name="B_CONV2"/><MemPortTyVec>2 3 </MemPortTyVec>
</StgValue>
</bind>
</comp>

<comp id="20" class="1000" name="W_CONV2">
<pin_list>
<pin id="21" dir="1" index="0" bw="1" slack="0"/>
</pin_list>
<bind>
<StgValue><ssdm name="W_CONV2"/><MemPortTyVec>2 3 </MemPortTyVec>
</StgValue>
</bind>
</comp>

<comp id="22" class="1000" name="conv2_buff">
<pin_list>
<pin id="23" dir="1" index="0" bw="1" slack="0"/>
</pin_list>
<bind>
<StgValue><ssdm name="conv2_buff"/><MemPortTyVec>2 1 </MemPortTyVec>
</StgValue>
</bind>
</comp>

<comp id="24" class="1000" name="conv_out2">
<pin_list>
<pin id="25" dir="1" index="0" bw="1" slack="0"/>
</pin_list>
<bind>
<StgValue><ssdm name="conv_out2"/><MemPortTyVec>2 3 </MemPortTyVec>
</StgValue>
</bind>
</comp>

<comp id="26" class="1001" name="const_26">
<pin_list>
<pin id="27" dir="1" index="0" bw="1" slack="0"/>
</pin_list>
<bind>
<StgValue><ssdm name="conv1"/></StgValue>
</bind>
</comp>

<comp id="28" class="1001" name="const_28">
<pin_list>
<pin id="29" dir="1" index="0" bw="1" slack="0"/>
</pin_list>
<bind>
<StgValue><ssdm name="conv2"/></StgValue>
</bind>
</comp>

<comp id="30" class="1001" name="const_30">
<pin_list>
<pin id="31" dir="1" index="0" bw="1" slack="2147483647"/>
</pin_list>
<bind>
<StgValue><ssdm name="_ssdm_op_SpecBitsMap"/></StgValue>
</bind>
</comp>

<comp id="32" class="1001" name="const_32">
<pin_list>
<pin id="33" dir="1" index="0" bw="1" slack="2147483647"/>
</pin_list>
<bind>
<StgValue><ssdm name="_ssdm_op_SpecTopModule"/></StgValue>
</bind>
</comp>

<comp id="34" class="1001" name="const_34">
<pin_list>
<pin id="35" dir="1" index="0" bw="1" slack="2147483647"/>
</pin_list>
<bind>
<StgValue><ssdm name="conv_top_str"/></StgValue>
</bind>
</comp>

<comp id="36" class="1001" name="const_36">
<pin_list>
<pin id="37" dir="1" index="0" bw="1" slack="2147483647"/>
</pin_list>
<bind>
<StgValue><ssdm name="_ssdm_op_SpecInterface"/></StgValue>
</bind>
</comp>

<comp id="38" class="1001" name="const_38">
<pin_list>
<pin id="39" dir="1" index="0" bw="1" slack="2147483647"/>
</pin_list>
<bind>
<StgValue><ssdm name="p_str"/></StgValue>
</bind>
</comp>

<comp id="40" class="1001" name="const_40">
<pin_list>
<pin id="41" dir="1" index="0" bw="1" slack="2147483647"/>
</pin_list>
<bind>
<StgValue><ssdm name=""/></StgValue>
</bind>
</comp>

<comp id="42" class="1001" name="const_42">
<pin_list>
<pin id="43" dir="1" index="0" bw="1" slack="2147483647"/>
</pin_list>
<bind>
<StgValue><ssdm name="p_str1"/></StgValue>
</bind>
</comp>

<comp id="44" class="1001" name="const_44">
<pin_list>
<pin id="45" dir="1" index="0" bw="1" slack="2147483647"/>
</pin_list>
<bind>
<StgValue><ssdm name=""/></StgValue>
</bind>
</comp>

<comp id="46" class="1001" name="const_46">
<pin_list>
<pin id="47" dir="1" index="0" bw="1" slack="2147483647"/>
</pin_list>
<bind>
<StgValue><ssdm name="p_str2"/></StgValue>
</bind>
</comp>

<comp id="48" class="1001" name="const_48">
<pin_list>
<pin id="49" dir="1" index="0" bw="1" slack="2147483647"/>
</pin_list>
<bind>
<StgValue><ssdm name=""/></StgValue>
</bind>
</comp>

<comp id="50" class="1004" name="grp_conv1_fu_50">
<pin_list>
<pin id="51" dir="0" index="0" bw="0" slack="0"/>
<pin id="52" dir="0" index="1" bw="32" slack="0"/>
<pin id="53" dir="0" index="2" bw="32" slack="0"/>
<pin id="54" dir="0" index="3" bw="32" slack="0"/>
<pin id="55" dir="0" index="4" bw="32" slack="0"/>
<pin id="56" dir="0" index="5" bw="32" slack="0"/>
<pin id="57" dir="0" index="6" bw="32" slack="0"/>
<pin id="58" dir="0" index="7" bw="32" slack="0"/>
<pin id="59" dir="0" index="8" bw="32" slack="0"/>
<pin id="60" dir="0" index="9" bw="32" slack="0"/>
<pin id="61" dir="1" index="10" bw="0" slack="2147483647"/>
</pin_list>
<bind>
<opcode="call(48) " fcode="call"/>
<opset="StgValue_5/1 "/>
</bind>
</comp>

<comp id="72" class="1004" name="grp_conv2_fu_72">
<pin_list>
<pin id="73" dir="0" index="0" bw="0" slack="0"/>
<pin id="74" dir="0" index="1" bw="32" slack="0"/>
<pin id="75" dir="0" index="2" bw="32" slack="0"/>
<pin id="76" dir="0" index="3" bw="32" slack="0"/>
<pin id="77" dir="0" index="4" bw="32" slack="0"/>
<pin id="78" dir="0" index="5" bw="32" slack="0"/>
<pin id="79" dir="0" index="6" bw="32" slack="0"/>
<pin id="80" dir="0" index="7" bw="32" slack="0"/>
<pin id="81" dir="0" index="8" bw="32" slack="0"/>
<pin id="82" dir="0" index="9" bw="32" slack="0"/>
<pin id="83" dir="1" index="10" bw="0" slack="2147483647"/>
</pin_list>
<bind>
<opcode="call(48) " fcode="call"/>
<opset="StgValue_7/3 "/>
</bind>
</comp>

</comp_list>

<net_list>
<net id="62"><net_src comp="26" pin="0"/><net_sink comp="50" pin=0"/></net>

<net id="63"><net_src comp="0" pin="0"/><net_sink comp="50" pin=1"/></net>

<net id="64"><net_src comp="2" pin="0"/><net_sink comp="50" pin=2"/></net>

<net id="65"><net_src comp="4" pin="0"/><net_sink comp="50" pin=3"/></net>

<net id="66"><net_src comp="6" pin="0"/><net_sink comp="50" pin=4"/></net>

<net id="67"><net_src comp="8" pin="0"/><net_sink comp="50" pin=5"/></net>

<net id="68"><net_src comp="10" pin="0"/><net_sink comp="50" pin=6"/></net>

<net id="69"><net_src comp="12" pin="0"/><net_sink comp="50" pin=7"/></net>

<net id="70"><net_src comp="14" pin="0"/><net_sink comp="50" pin=8"/></net>

<net id="71"><net_src comp="16" pin="0"/><net_sink comp="50" pin=9"/></net>

<net id="84"><net_src comp="28" pin="0"/><net_sink comp="72" pin=0"/></net>

<net id="85"><net_src comp="0" pin="0"/><net_sink comp="72" pin=1"/></net>

<net id="86"><net_src comp="2" pin="0"/><net_sink comp="72" pin=2"/></net>

<net id="87"><net_src comp="4" pin="0"/><net_sink comp="72" pin=3"/></net>

<net id="88"><net_src comp="6" pin="0"/><net_sink comp="72" pin=4"/></net>

<net id="89"><net_src comp="18" pin="0"/><net_sink comp="72" pin=5"/></net>

<net id="90"><net_src comp="16" pin="0"/><net_sink comp="72" pin=6"/></net>

<net id="91"><net_src comp="20" pin="0"/><net_sink comp="72" pin=7"/></net>

<net id="92"><net_src comp="22" pin="0"/><net_sink comp="72" pin=8"/></net>

<net id="93"><net_src comp="24" pin="0"/><net_sink comp="72" pin=9"/></net>

</net_list>

</model> 
---------------- Datapath Model END ------------------

* FSMD analyzer results:
  - Output states:
	Port: data | {3 4 }
	Port: data1 | {1 2 }
	Port: B_CONV1 | {1 2 }
	Port: pic_in | {1 2 }
	Port: W_CONV1 | {1 2 }
	Port: conv1_buff | {1 2 }
	Port: conv_out1 | {1 2 3 4 }
	Port: B_CONV2 | {3 4 }
	Port: W_CONV2 | {3 4 }
	Port: conv2_buff | {3 4 }
	Port: conv_out2 | {3 4 }
 - Input state : 
	Port: conv_top : data | {1 2 }
	Port: conv_top : data1 | {3 4 }
	Port: conv_top : data2 | {1 2 3 4 }
	Port: conv_top : data3 | {1 2 3 4 }
	Port: conv_top : B_CONV1 | {1 2 }
	Port: conv_top : pic_in | {1 2 }
	Port: conv_top : W_CONV1 | {1 2 }
	Port: conv_top : conv1_buff | {1 2 }
	Port: conv_top : conv_out1 | {1 2 3 4 }
	Port: conv_top : B_CONV2 | {3 4 }
	Port: conv_top : W_CONV2 | {3 4 }
	Port: conv_top : conv2_buff | {3 4 }
	Port: conv_top : conv_out2 | {3 4 }
  - Chain level:
	State 1
	State 2
	State 3
	State 4


============================================================
+ Verbose Summary: Datapath Resource usage 
============================================================

* Functional unit list:
|----------|-----------------|---------|---------|---------|---------|
| Operation| Functional Unit |  DSP48E |  Delay  |    FF   |   LUT   |
|----------|-----------------|---------|---------|---------|---------|
|   call   | grp_conv1_fu_50 |    5    |  35.929 |   1458  |   2228  |
|          | grp_conv2_fu_72 |    5    |  37.698 |   1445  |   2028  |
|----------|-----------------|---------|---------|---------|---------|
|   Total  |                 |    10   |  73.627 |   2903  |   4256  |
|----------|-----------------|---------|---------|---------|---------|

Memories:
+----------+--------+--------+--------+
|          |  BRAM  |   FF   |   LUT  |
+----------+--------+--------+--------+
|  B_CONV1 |    0   |   64   |    3   |
|  B_CONV2 |    0   |   64   |    8   |
|  W_CONV1 |    1   |    0   |    0   |
|  W_CONV2 |    8   |    0   |    0   |
|conv1_buff|   16   |    0   |    0   |
|conv2_buff|    4   |    0   |    0   |
| conv_out1|    4   |    0   |    0   |
| conv_out2|    1   |    0   |    0   |
|  pic_in  |    2   |    0   |    0   |
+----------+--------+--------+--------+
|   Total  |   36   |   128  |   11   |
+----------+--------+--------+--------+

* Register list:
N/A

* Multiplexer (MUX) list: 
|--------|------|------|------|--------|
|  Comp  |  Pin | Size |  BW  | S x BW |
|--------|------|------|------|--------|
|  Total |      |      |      |    0   |
|--------|------|------|------|--------|



* Summary:
+-----------+--------+--------+--------+--------+--------+
|           |  BRAM  | DSP48E |  Delay |   FF   |   LUT  |
+-----------+--------+--------+--------+--------+--------+
|  Function |    -   |   10   |   73   |  2903  |  4256  |
|   Memory  |   36   |    -   |    -   |   128  |   11   |
|Multiplexer|    -   |    -   |    -   |    -   |    -   |
|  Register |    -   |    -   |    -   |    -   |    -   |
+-----------+--------+--------+--------+--------+--------+
|   Total   |   36   |   10   |   73   |  3031  |  4267  |
+-----------+--------+--------+--------+--------+--------+
